<?xml version="1.0" encoding="UTF-8"?>
<!-- Generated by org.testng.reporters.JUnitReportReporter -->
<testsuite skipped="0" hostname="sudha" name="Org.testing.Org.testing.TestScripts.TC3" tests="1" failures="0" timestamp="20 Jan 2019 12:55:46 GMT" time="169.761" errors="0">
  <testcase name="f" time="169.761" classname="Org.testing.Org.testing.TestScripts.TC3"/>
</testsuite> <!-- Org.testing.Org.testing.TestScripts.TC3 -->
