<?xml version="1.0" encoding="UTF-8"?>
<!-- Generated by org.testng.reporters.JUnitReportReporter -->
<testsuite skipped="0" hostname="sudha" name="Org.testing.Org.testing.TestScripts.TC1" tests="1" failures="0" timestamp="20 Jan 2019 12:06:02 GMT" time="117.256" errors="0">
  <testcase name="f" time="117.256" classname="Org.testing.Org.testing.TestScripts.TC1"/>
</testsuite> <!-- Org.testing.Org.testing.TestScripts.TC1 -->
